2019-04-15 12:58:04,340 [Worker-1] INFO  c.g.t.t.d.PublishedGradleVersions - Gradle version information cache is out-of-date. Trying to update.
2019-04-15 12:58:34,183 [Worker-2] INFO  o.e.m.c.i.l.LifecycleMappingFactory - Using org.maven.ide.eclipse.wtp.WarLifecycleMapping lifecycle mapping for MavenProject: com.javalec:spring:1.0.0-BUILD-SNAPSHOT @ C:\Users\nxt41720\Documents\SE3910\Group_Project\pom.xml.
2019-04-15 12:58:44,387 [Worker-5] WARN  o.e.m.c.i.embedder.EclipseLogger - Using platform encoding (Cp1252 actually) to copy filtered resources, i.e. build is platform dependent!
2019-04-15 12:58:44,387 [Worker-5] INFO  o.e.m.c.i.embedder.EclipseLogger - skip non existing resourceDirectory C:\Users\nxt41720\Documents\SE3910\Group_Project\src\main\resources
2019-04-15 12:58:44,387 [Worker-5] WARN  o.e.m.c.i.embedder.EclipseLogger - Using platform encoding (Cp1252 actually) to copy filtered resources, i.e. build is platform dependent!
2019-04-15 12:58:44,387 [Worker-5] INFO  o.e.m.c.i.embedder.EclipseLogger - Copying 1 resource
2019-04-19 13:04:17,415 [Worker-0] INFO  c.g.t.t.d.PublishedGradleVersions - Gradle version information cache is out-of-date. Trying to update.
2019-04-19 13:04:28,684 [Worker-14] WARN  o.e.m.c.i.embedder.EclipseLogger - Using platform encoding (Cp1252 actually) to copy filtered resources, i.e. build is platform dependent!
2019-04-19 13:04:28,787 [Worker-14] INFO  o.e.m.c.i.embedder.EclipseLogger - skip non existing resourceDirectory C:\Users\nxt41720\Documents\SE3910\Group_Project\src\main\resources
2019-04-19 13:04:28,789 [Worker-14] WARN  o.e.m.c.i.embedder.EclipseLogger - Using platform encoding (Cp1252 actually) to copy filtered resources, i.e. build is platform dependent!
2019-04-19 13:04:28,822 [Worker-14] INFO  o.e.m.c.i.embedder.EclipseLogger - Copying 1 resource
2019-04-19 13:14:14,431 [Worker-3] INFO  c.g.t.t.d.PublishedGradleVersions - Gradle version information cache is up-to-date. Trying to read.
2019-04-19 13:14:19,692 [Worker-13] WARN  o.e.m.c.i.embedder.EclipseLogger - Using platform encoding (Cp1252 actually) to copy filtered resources, i.e. build is platform dependent!
2019-04-19 13:14:19,695 [Worker-13] INFO  o.e.m.c.i.embedder.EclipseLogger - skip non existing resourceDirectory C:\Users\nxt41720\Documents\SE3910\Group_Project\src\main\resources
2019-04-19 13:14:19,696 [Worker-13] WARN  o.e.m.c.i.embedder.EclipseLogger - Using platform encoding (Cp1252 actually) to copy filtered resources, i.e. build is platform dependent!
2019-04-19 13:14:19,701 [Worker-13] INFO  o.e.m.c.i.embedder.EclipseLogger - Copying 1 resource
2019-04-19 13:14:29,731 [Worker-8] WARN  o.e.m.c.i.embedder.EclipseLogger - Using platform encoding (Cp1252 actually) to copy filtered resources, i.e. build is platform dependent!
2019-04-19 13:14:29,733 [Worker-8] INFO  o.e.m.c.i.embedder.EclipseLogger - skip non existing resourceDirectory C:\Users\nxt41720\Documents\SE3910\Group_Project\src\main\resources
2019-04-19 13:14:29,735 [Worker-8] WARN  o.e.m.c.i.embedder.EclipseLogger - Using platform encoding (Cp1252 actually) to copy filtered resources, i.e. build is platform dependent!
2019-04-19 13:14:29,739 [Worker-8] INFO  o.e.m.c.i.embedder.EclipseLogger - Copying 0 resource
2019-04-19 13:16:59,192 [Worker-4] INFO  c.g.t.t.d.PublishedGradleVersions - Gradle version information cache is up-to-date. Trying to read.
2019-04-19 13:17:03,095 [Worker-8] WARN  o.e.m.c.i.embedder.EclipseLogger - Using platform encoding (Cp1252 actually) to copy filtered resources, i.e. build is platform dependent!
2019-04-19 13:17:03,098 [Worker-8] INFO  o.e.m.c.i.embedder.EclipseLogger - skip non existing resourceDirectory C:\Users\nxt41720\Documents\SE3910\Group_Project\src\main\resources
2019-04-19 13:17:03,100 [Worker-8] WARN  o.e.m.c.i.embedder.EclipseLogger - Using platform encoding (Cp1252 actually) to copy filtered resources, i.e. build is platform dependent!
2019-04-19 13:17:03,105 [Worker-8] INFO  o.e.m.c.i.embedder.EclipseLogger - Copying 1 resource
2019-04-19 13:48:11,892 [Worker-21] WARN  o.e.m.c.i.embedder.EclipseLogger - Using platform encoding (Cp1252 actually) to copy filtered resources, i.e. build is platform dependent!
2019-04-19 13:48:11,895 [Worker-21] INFO  o.e.m.c.i.embedder.EclipseLogger - skip non existing resourceDirectory C:\Users\nxt41720\Documents\SE3910\Group_Project\src\main\resources
2019-04-19 13:48:11,896 [Worker-21] WARN  o.e.m.c.i.embedder.EclipseLogger - Using platform encoding (Cp1252 actually) to copy filtered resources, i.e. build is platform dependent!
2019-04-19 13:48:11,899 [Worker-21] INFO  o.e.m.c.i.embedder.EclipseLogger - Copying 0 resource
2019-04-19 13:48:13,534 [Worker-15] WARN  o.e.m.c.i.embedder.EclipseLogger - Using platform encoding (Cp1252 actually) to copy filtered resources, i.e. build is platform dependent!
2019-04-19 13:48:13,536 [Worker-15] INFO  o.e.m.c.i.embedder.EclipseLogger - skip non existing resourceDirectory C:\Users\nxt41720\Documents\SE3910\Group_Project\src\main\resources
2019-04-19 13:48:13,537 [Worker-15] WARN  o.e.m.c.i.embedder.EclipseLogger - Using platform encoding (Cp1252 actually) to copy filtered resources, i.e. build is platform dependent!
2019-04-19 13:48:13,538 [Worker-15] INFO  o.e.m.c.i.embedder.EclipseLogger - Copying 0 resource
2019-04-22 13:00:24,873 [Worker-0] INFO  c.g.t.t.d.PublishedGradleVersions - Gradle version information cache is out-of-date. Trying to update.
2019-04-22 13:00:41,140 [Worker-6] WARN  o.e.m.c.i.embedder.EclipseLogger - Using platform encoding (Cp1252 actually) to copy filtered resources, i.e. build is platform dependent!
2019-04-22 13:00:41,142 [Worker-6] INFO  o.e.m.c.i.embedder.EclipseLogger - skip non existing resourceDirectory C:\Users\nxt41720\Documents\SE3910\Group_Project\src\main\resources
2019-04-22 13:00:41,144 [Worker-6] WARN  o.e.m.c.i.embedder.EclipseLogger - Using platform encoding (Cp1252 actually) to copy filtered resources, i.e. build is platform dependent!
2019-04-22 13:00:41,150 [Worker-6] INFO  o.e.m.c.i.embedder.EclipseLogger - Copying 1 resource
2019-04-22 13:12:18,325 [Worker-20] WARN  o.e.m.c.i.embedder.EclipseLogger - Using platform encoding (Cp1252 actually) to copy filtered resources, i.e. build is platform dependent!
2019-04-22 13:12:18,331 [Worker-20] INFO  o.e.m.c.i.embedder.EclipseLogger - skip non existing resourceDirectory C:\Users\nxt41720\Documents\SE3910\Group_Project\src\main\resources
2019-04-22 13:12:18,332 [Worker-20] WARN  o.e.m.c.i.embedder.EclipseLogger - Using platform encoding (Cp1252 actually) to copy filtered resources, i.e. build is platform dependent!
2019-04-22 13:12:18,336 [Worker-20] INFO  o.e.m.c.i.embedder.EclipseLogger - Copying 0 resource
2019-05-01 12:58:28,314 [Worker-3] INFO  c.g.t.t.d.PublishedGradleVersions - Gradle version information cache is out-of-date. Trying to update.
2019-05-01 12:58:41,437 [Worker-6] WARN  o.e.m.c.i.embedder.EclipseLogger - Using platform encoding (Cp1252 actually) to copy filtered resources, i.e. build is platform dependent!
2019-05-01 12:58:41,440 [Worker-6] INFO  o.e.m.c.i.embedder.EclipseLogger - skip non existing resourceDirectory C:\Users\nxt41720\Documents\SE3910\Group_Project\src\main\resources
2019-05-01 12:58:41,441 [Worker-6] WARN  o.e.m.c.i.embedder.EclipseLogger - Using platform encoding (Cp1252 actually) to copy filtered resources, i.e. build is platform dependent!
2019-05-01 12:58:41,447 [Worker-6] INFO  o.e.m.c.i.embedder.EclipseLogger - Copying 1 resource
2019-05-01 12:58:44,002 [Worker-13] INFO  o.e.m.c.i.l.LifecycleMappingFactory - Using org.maven.ide.eclipse.wtp.WarLifecycleMapping lifecycle mapping for MavenProject: com.javalec:spring:1.0.0-BUILD-SNAPSHOT @ C:\Users\nxt41720\Documents\SE3910\Group_Project\pom.xml.
2019-05-01 12:58:45,011 [Worker-13] WARN  o.e.m.c.i.embedder.EclipseLogger - Using platform encoding (Cp1252 actually) to copy filtered resources, i.e. build is platform dependent!
2019-05-01 12:58:45,013 [Worker-13] INFO  o.e.m.c.i.embedder.EclipseLogger - skip non existing resourceDirectory C:\Users\nxt41720\Documents\SE3910\Group_Project\src\main\resources
2019-05-01 12:58:45,016 [Worker-13] WARN  o.e.m.c.i.embedder.EclipseLogger - Using platform encoding (Cp1252 actually) to copy filtered resources, i.e. build is platform dependent!
2019-05-01 12:58:45,019 [Worker-13] INFO  o.e.m.c.i.embedder.EclipseLogger - Copying 0 resource
2019-05-01 12:58:45,035 [Worker-13] INFO  o.e.m.w.i.f.ResourceFilteringBuildParticipant - Changed resources require a complete clean of filtered resources of Group_Project
2019-05-01 12:58:45,036 [Worker-13] INFO  o.e.m.w.i.f.ResourceFilteringBuildParticipant - Executing resource filtering for Group_Project
2019-05-01 12:58:45,043 [Worker-13] WARN  o.e.m.c.i.embedder.EclipseLogger - Using platform encoding (Cp1252 actually) to copy filtered resources, i.e. build is platform dependent!
2019-05-01 12:58:47,248 [Worker-8] WARN  o.e.m.c.i.embedder.EclipseLogger - Using platform encoding (Cp1252 actually) to copy filtered resources, i.e. build is platform dependent!
2019-05-01 12:58:47,251 [Worker-8] INFO  o.e.m.c.i.embedder.EclipseLogger - skip non existing resourceDirectory C:\Users\nxt41720\Documents\SE3910\Group_Project\src\main\resources
2019-05-01 12:58:47,253 [Worker-8] WARN  o.e.m.c.i.embedder.EclipseLogger - Using platform encoding (Cp1252 actually) to copy filtered resources, i.e. build is platform dependent!
2019-05-01 12:58:47,256 [Worker-8] INFO  o.e.m.c.i.embedder.EclipseLogger - Copying 0 resource
2019-05-01 12:58:48,322 [Worker-17] WARN  o.e.m.c.i.embedder.EclipseLogger - Using platform encoding (Cp1252 actually) to copy filtered resources, i.e. build is platform dependent!
2019-05-01 12:58:48,323 [Worker-17] INFO  o.e.m.c.i.embedder.EclipseLogger - skip non existing resourceDirectory C:\Users\nxt41720\Documents\SE3910\Group_Project\src\main\resources
2019-05-01 12:58:48,324 [Worker-17] WARN  o.e.m.c.i.embedder.EclipseLogger - Using platform encoding (Cp1252 actually) to copy filtered resources, i.e. build is platform dependent!
2019-05-01 12:58:48,334 [Worker-17] INFO  o.e.m.c.i.embedder.EclipseLogger - Copying 0 resource
2019-05-01 12:58:49,424 [Worker-4] WARN  o.e.m.c.i.embedder.EclipseLogger - Using platform encoding (Cp1252 actually) to copy filtered resources, i.e. build is platform dependent!
2019-05-01 12:58:49,425 [Worker-4] INFO  o.e.m.c.i.embedder.EclipseLogger - skip non existing resourceDirectory C:\Users\nxt41720\Documents\SE3910\Group_Project\src\main\resources
2019-05-01 12:58:49,426 [Worker-4] WARN  o.e.m.c.i.embedder.EclipseLogger - Using platform encoding (Cp1252 actually) to copy filtered resources, i.e. build is platform dependent!
2019-05-01 12:58:49,428 [Worker-4] INFO  o.e.m.c.i.embedder.EclipseLogger - Copying 0 resource
2019-05-01 12:58:50,444 [Worker-5] WARN  o.e.m.c.i.embedder.EclipseLogger - Using platform encoding (Cp1252 actually) to copy filtered resources, i.e. build is platform dependent!
2019-05-01 12:58:50,454 [Worker-5] INFO  o.e.m.c.i.embedder.EclipseLogger - skip non existing resourceDirectory C:\Users\nxt41720\Documents\SE3910\Group_Project\src\main\resources
2019-05-01 12:58:50,455 [Worker-5] WARN  o.e.m.c.i.embedder.EclipseLogger - Using platform encoding (Cp1252 actually) to copy filtered resources, i.e. build is platform dependent!
2019-05-01 12:58:50,456 [Worker-5] INFO  o.e.m.c.i.embedder.EclipseLogger - Copying 0 resource
2019-05-01 12:58:51,468 [Worker-12] WARN  o.e.m.c.i.embedder.EclipseLogger - Using platform encoding (Cp1252 actually) to copy filtered resources, i.e. build is platform dependent!
2019-05-01 12:58:51,469 [Worker-12] INFO  o.e.m.c.i.embedder.EclipseLogger - skip non existing resourceDirectory C:\Users\nxt41720\Documents\SE3910\Group_Project\src\main\resources
2019-05-01 12:58:51,470 [Worker-12] WARN  o.e.m.c.i.embedder.EclipseLogger - Using platform encoding (Cp1252 actually) to copy filtered resources, i.e. build is platform dependent!
2019-05-01 12:58:51,472 [Worker-12] INFO  o.e.m.c.i.embedder.EclipseLogger - Copying 0 resource
2019-05-01 12:58:52,533 [Worker-17] WARN  o.e.m.c.i.embedder.EclipseLogger - Using platform encoding (Cp1252 actually) to copy filtered resources, i.e. build is platform dependent!
2019-05-01 12:58:52,534 [Worker-17] INFO  o.e.m.c.i.embedder.EclipseLogger - skip non existing resourceDirectory C:\Users\nxt41720\Documents\SE3910\Group_Project\src\main\resources
2019-05-01 12:58:52,535 [Worker-17] WARN  o.e.m.c.i.embedder.EclipseLogger - Using platform encoding (Cp1252 actually) to copy filtered resources, i.e. build is platform dependent!
2019-05-01 12:58:52,536 [Worker-17] INFO  o.e.m.c.i.embedder.EclipseLogger - Copying 0 resource
2019-05-01 12:58:53,869 [Worker-0] WARN  o.e.m.c.i.embedder.EclipseLogger - Using platform encoding (Cp1252 actually) to copy filtered resources, i.e. build is platform dependent!
2019-05-01 12:58:53,870 [Worker-0] INFO  o.e.m.c.i.embedder.EclipseLogger - skip non existing resourceDirectory C:\Users\nxt41720\Documents\SE3910\Group_Project\src\main\resources
2019-05-01 12:58:53,871 [Worker-0] WARN  o.e.m.c.i.embedder.EclipseLogger - Using platform encoding (Cp1252 actually) to copy filtered resources, i.e. build is platform dependent!
2019-05-01 12:58:53,873 [Worker-0] INFO  o.e.m.c.i.embedder.EclipseLogger - Copying 0 resource
2019-05-01 12:58:55,137 [Worker-12] WARN  o.e.m.c.i.embedder.EclipseLogger - Using platform encoding (Cp1252 actually) to copy filtered resources, i.e. build is platform dependent!
2019-05-01 12:58:55,143 [Worker-12] INFO  o.e.m.c.i.embedder.EclipseLogger - skip non existing resourceDirectory C:\Users\nxt41720\Documents\SE3910\Group_Project\src\main\resources
2019-05-01 12:58:55,144 [Worker-12] WARN  o.e.m.c.i.embedder.EclipseLogger - Using platform encoding (Cp1252 actually) to copy filtered resources, i.e. build is platform dependent!
2019-05-01 12:58:55,146 [Worker-12] INFO  o.e.m.c.i.embedder.EclipseLogger - Copying 0 resource
2019-05-01 13:12:32,263 [Worker-18] WARN  o.e.m.c.i.embedder.EclipseLogger - Using platform encoding (Cp1252 actually) to copy filtered resources, i.e. build is platform dependent!
2019-05-01 13:12:32,263 [Worker-18] INFO  o.e.m.c.i.embedder.EclipseLogger - skip non existing resourceDirectory C:\Users\nxt41720\Documents\SE3910\Group_Project\src\main\resources
2019-05-01 13:12:32,263 [Worker-18] WARN  o.e.m.c.i.embedder.EclipseLogger - Using platform encoding (Cp1252 actually) to copy filtered resources, i.e. build is platform dependent!
2019-05-01 13:12:32,263 [Worker-18] INFO  o.e.m.c.i.embedder.EclipseLogger - Copying 0 resource
2019-05-01 13:15:02,218 [Worker-7] WARN  o.e.m.c.i.embedder.EclipseLogger - Using platform encoding (Cp1252 actually) to copy filtered resources, i.e. build is platform dependent!
2019-05-01 13:15:02,219 [Worker-7] INFO  o.e.m.c.i.embedder.EclipseLogger - skip non existing resourceDirectory C:\Users\nxt41720\Documents\SE3910\Group_Project\src\main\resources
2019-05-01 13:15:02,220 [Worker-7] WARN  o.e.m.c.i.embedder.EclipseLogger - Using platform encoding (Cp1252 actually) to copy filtered resources, i.e. build is platform dependent!
2019-05-01 13:15:02,221 [Worker-7] INFO  o.e.m.c.i.embedder.EclipseLogger - Copying 0 resource
2019-05-01 13:16:41,355 [Worker-7] WARN  o.e.m.c.i.embedder.EclipseLogger - Using platform encoding (Cp1252 actually) to copy filtered resources, i.e. build is platform dependent!
2019-05-01 13:16:41,355 [Worker-7] INFO  o.e.m.c.i.embedder.EclipseLogger - skip non existing resourceDirectory C:\Users\nxt41720\Documents\SE3910\Group_Project\src\main\resources
2019-05-01 13:16:41,355 [Worker-7] WARN  o.e.m.c.i.embedder.EclipseLogger - Using platform encoding (Cp1252 actually) to copy filtered resources, i.e. build is platform dependent!
2019-05-01 13:16:41,355 [Worker-7] INFO  o.e.m.c.i.embedder.EclipseLogger - Copying 0 resource
2019-05-01 13:23:41,450 [Worker-22] WARN  o.e.m.c.i.embedder.EclipseLogger - Using platform encoding (Cp1252 actually) to copy filtered resources, i.e. build is platform dependent!
2019-05-01 13:23:41,450 [Worker-22] INFO  o.e.m.c.i.embedder.EclipseLogger - skip non existing resourceDirectory C:\Users\nxt41720\Documents\SE3910\Group_Project\src\main\resources
2019-05-01 13:23:41,450 [Worker-22] WARN  o.e.m.c.i.embedder.EclipseLogger - Using platform encoding (Cp1252 actually) to copy filtered resources, i.e. build is platform dependent!
2019-05-01 13:23:41,465 [Worker-22] INFO  o.e.m.c.i.embedder.EclipseLogger - Copying 0 resource
2019-05-01 13:23:45,981 [Worker-22] WARN  o.e.m.c.i.embedder.EclipseLogger - Using platform encoding (Cp1252 actually) to copy filtered resources, i.e. build is platform dependent!
2019-05-01 13:23:45,981 [Worker-22] INFO  o.e.m.c.i.embedder.EclipseLogger - skip non existing resourceDirectory C:\Users\nxt41720\Documents\SE3910\Group_Project\src\main\resources
2019-05-01 13:23:45,981 [Worker-22] WARN  o.e.m.c.i.embedder.EclipseLogger - Using platform encoding (Cp1252 actually) to copy filtered resources, i.e. build is platform dependent!
2019-05-01 13:23:45,981 [Worker-22] INFO  o.e.m.c.i.embedder.EclipseLogger - Copying 0 resource
2019-05-01 13:25:37,626 [Worker-0] WARN  o.e.m.c.i.embedder.EclipseLogger - Using platform encoding (Cp1252 actually) to copy filtered resources, i.e. build is platform dependent!
2019-05-01 13:25:37,626 [Worker-0] INFO  o.e.m.c.i.embedder.EclipseLogger - skip non existing resourceDirectory C:\Users\nxt41720\Documents\SE3910\Group_Project\src\main\resources
2019-05-01 13:25:37,626 [Worker-0] WARN  o.e.m.c.i.embedder.EclipseLogger - Using platform encoding (Cp1252 actually) to copy filtered resources, i.e. build is platform dependent!
2019-05-01 13:25:37,626 [Worker-0] INFO  o.e.m.c.i.embedder.EclipseLogger - Copying 0 resource
2019-05-01 13:28:53,985 [Worker-39] WARN  o.e.m.c.i.embedder.EclipseLogger - Using platform encoding (Cp1252 actually) to copy filtered resources, i.e. build is platform dependent!
2019-05-01 13:28:53,988 [Worker-39] INFO  o.e.m.c.i.embedder.EclipseLogger - skip non existing resourceDirectory C:\Users\nxt41720\Documents\SE3910\Group_Project\src\main\resources
2019-05-01 13:28:53,992 [Worker-39] WARN  o.e.m.c.i.embedder.EclipseLogger - Using platform encoding (Cp1252 actually) to copy filtered resources, i.e. build is platform dependent!
2019-05-01 13:28:53,995 [Worker-39] INFO  o.e.m.c.i.embedder.EclipseLogger - Copying 0 resource
2019-05-01 13:33:05,612 [Worker-34] WARN  o.e.m.c.i.embedder.EclipseLogger - Using platform encoding (Cp1252 actually) to copy filtered resources, i.e. build is platform dependent!
2019-05-01 13:33:05,612 [Worker-34] INFO  o.e.m.c.i.embedder.EclipseLogger - skip non existing resourceDirectory C:\Users\nxt41720\Documents\SE3910\Group_Project\src\main\resources
2019-05-01 13:33:05,612 [Worker-34] WARN  o.e.m.c.i.embedder.EclipseLogger - Using platform encoding (Cp1252 actually) to copy filtered resources, i.e. build is platform dependent!
2019-05-01 13:33:05,612 [Worker-34] INFO  o.e.m.c.i.embedder.EclipseLogger - Copying 0 resource
2019-05-01 13:35:13,323 [Worker-27] WARN  o.e.m.c.i.embedder.EclipseLogger - Using platform encoding (Cp1252 actually) to copy filtered resources, i.e. build is platform dependent!
2019-05-01 13:35:13,324 [Worker-27] INFO  o.e.m.c.i.embedder.EclipseLogger - skip non existing resourceDirectory C:\Users\nxt41720\Documents\SE3910\Group_Project\src\main\resources
2019-05-01 13:35:13,325 [Worker-27] WARN  o.e.m.c.i.embedder.EclipseLogger - Using platform encoding (Cp1252 actually) to copy filtered resources, i.e. build is platform dependent!
2019-05-01 13:35:13,326 [Worker-27] INFO  o.e.m.c.i.embedder.EclipseLogger - Copying 0 resource
2019-05-01 13:35:16,751 [Worker-34] WARN  o.e.m.c.i.embedder.EclipseLogger - Using platform encoding (Cp1252 actually) to copy filtered resources, i.e. build is platform dependent!
2019-05-01 13:35:16,752 [Worker-34] INFO  o.e.m.c.i.embedder.EclipseLogger - skip non existing resourceDirectory C:\Users\nxt41720\Documents\SE3910\Group_Project\src\main\resources
2019-05-01 13:35:16,754 [Worker-34] WARN  o.e.m.c.i.embedder.EclipseLogger - Using platform encoding (Cp1252 actually) to copy filtered resources, i.e. build is platform dependent!
2019-05-01 13:35:16,757 [Worker-34] INFO  o.e.m.c.i.embedder.EclipseLogger - Copying 0 resource
2019-05-01 13:36:56,410 [Worker-42] WARN  o.e.m.c.i.embedder.EclipseLogger - Using platform encoding (Cp1252 actually) to copy filtered resources, i.e. build is platform dependent!
2019-05-01 13:36:56,418 [Worker-42] INFO  o.e.m.c.i.embedder.EclipseLogger - skip non existing resourceDirectory C:\Users\nxt41720\Documents\SE3910\Group_Project\src\main\resources
2019-05-01 13:36:56,419 [Worker-42] WARN  o.e.m.c.i.embedder.EclipseLogger - Using platform encoding (Cp1252 actually) to copy filtered resources, i.e. build is platform dependent!
2019-05-01 13:36:56,420 [Worker-42] INFO  o.e.m.c.i.embedder.EclipseLogger - Copying 0 resource
2019-05-01 13:38:21,215 [Worker-37] WARN  o.e.m.c.i.embedder.EclipseLogger - Using platform encoding (Cp1252 actually) to copy filtered resources, i.e. build is platform dependent!
2019-05-01 13:38:21,216 [Worker-37] INFO  o.e.m.c.i.embedder.EclipseLogger - skip non existing resourceDirectory C:\Users\nxt41720\Documents\SE3910\Group_Project\src\main\resources
2019-05-01 13:38:21,217 [Worker-37] WARN  o.e.m.c.i.embedder.EclipseLogger - Using platform encoding (Cp1252 actually) to copy filtered resources, i.e. build is platform dependent!
2019-05-01 13:38:21,218 [Worker-37] INFO  o.e.m.c.i.embedder.EclipseLogger - Copying 0 resource
2019-05-01 13:39:45,809 [Worker-37] WARN  o.e.m.c.i.embedder.EclipseLogger - Using platform encoding (Cp1252 actually) to copy filtered resources, i.e. build is platform dependent!
2019-05-01 13:39:45,810 [Worker-37] INFO  o.e.m.c.i.embedder.EclipseLogger - skip non existing resourceDirectory C:\Users\nxt41720\Documents\SE3910\Group_Project\src\main\resources
2019-05-01 13:39:45,811 [Worker-37] WARN  o.e.m.c.i.embedder.EclipseLogger - Using platform encoding (Cp1252 actually) to copy filtered resources, i.e. build is platform dependent!
2019-05-01 13:39:45,812 [Worker-37] INFO  o.e.m.c.i.embedder.EclipseLogger - Copying 0 resource
2019-05-01 13:43:20,307 [Worker-60] WARN  o.e.m.c.i.embedder.EclipseLogger - Using platform encoding (Cp1252 actually) to copy filtered resources, i.e. build is platform dependent!
2019-05-01 13:43:20,307 [Worker-60] INFO  o.e.m.c.i.embedder.EclipseLogger - skip non existing resourceDirectory C:\Users\nxt41720\Documents\SE3910\Group_Project\src\main\resources
2019-05-01 13:43:20,307 [Worker-60] WARN  o.e.m.c.i.embedder.EclipseLogger - Using platform encoding (Cp1252 actually) to copy filtered resources, i.e. build is platform dependent!
2019-05-01 13:43:20,322 [Worker-60] INFO  o.e.m.c.i.embedder.EclipseLogger - Copying 0 resource
2019-05-01 13:44:07,665 [Worker-37] WARN  o.e.m.c.i.embedder.EclipseLogger - Using platform encoding (Cp1252 actually) to copy filtered resources, i.e. build is platform dependent!
2019-05-01 13:44:07,665 [Worker-37] INFO  o.e.m.c.i.embedder.EclipseLogger - skip non existing resourceDirectory C:\Users\nxt41720\Documents\SE3910\Group_Project\src\main\resources
2019-05-01 13:44:07,681 [Worker-37] WARN  o.e.m.c.i.embedder.EclipseLogger - Using platform encoding (Cp1252 actually) to copy filtered resources, i.e. build is platform dependent!
2019-05-01 13:44:07,681 [Worker-37] INFO  o.e.m.c.i.embedder.EclipseLogger - Copying 0 resource
2019-05-01 13:45:15,158 [Worker-59] WARN  o.e.m.c.i.embedder.EclipseLogger - Using platform encoding (Cp1252 actually) to copy filtered resources, i.e. build is platform dependent!
2019-05-01 13:45:15,158 [Worker-59] INFO  o.e.m.c.i.embedder.EclipseLogger - skip non existing resourceDirectory C:\Users\nxt41720\Documents\SE3910\Group_Project\src\main\resources
2019-05-01 13:45:15,158 [Worker-59] WARN  o.e.m.c.i.embedder.EclipseLogger - Using platform encoding (Cp1252 actually) to copy filtered resources, i.e. build is platform dependent!
2019-05-01 13:45:15,158 [Worker-59] INFO  o.e.m.c.i.embedder.EclipseLogger - Copying 0 resource
2019-05-01 14:02:35,041 [Worker-74] WARN  o.e.m.c.i.embedder.EclipseLogger - Using platform encoding (Cp1252 actually) to copy filtered resources, i.e. build is platform dependent!
2019-05-01 14:02:35,042 [Worker-74] INFO  o.e.m.c.i.embedder.EclipseLogger - skip non existing resourceDirectory C:\Users\nxt41720\Documents\SE3910\Group_Project\src\main\resources
2019-05-01 14:02:35,043 [Worker-74] WARN  o.e.m.c.i.embedder.EclipseLogger - Using platform encoding (Cp1252 actually) to copy filtered resources, i.e. build is platform dependent!
2019-05-01 14:02:35,044 [Worker-74] INFO  o.e.m.c.i.embedder.EclipseLogger - Copying 0 resource
2019-05-01 14:04:17,155 [Worker-73] WARN  o.e.m.c.i.embedder.EclipseLogger - Using platform encoding (Cp1252 actually) to copy filtered resources, i.e. build is platform dependent!
2019-05-01 14:04:17,163 [Worker-73] INFO  o.e.m.c.i.embedder.EclipseLogger - skip non existing resourceDirectory C:\Users\nxt41720\Documents\SE3910\Group_Project\src\main\resources
2019-05-01 14:04:17,164 [Worker-73] WARN  o.e.m.c.i.embedder.EclipseLogger - Using platform encoding (Cp1252 actually) to copy filtered resources, i.e. build is platform dependent!
2019-05-01 14:04:17,165 [Worker-73] INFO  o.e.m.c.i.embedder.EclipseLogger - Copying 0 resource
2019-05-01 14:13:47,709 [Worker-79] WARN  o.e.m.c.i.embedder.EclipseLogger - Using platform encoding (Cp1252 actually) to copy filtered resources, i.e. build is platform dependent!
2019-05-01 14:13:47,709 [Worker-79] INFO  o.e.m.c.i.embedder.EclipseLogger - skip non existing resourceDirectory C:\Users\nxt41720\Documents\SE3910\Group_Project\src\main\resources
2019-05-01 14:13:47,709 [Worker-79] WARN  o.e.m.c.i.embedder.EclipseLogger - Using platform encoding (Cp1252 actually) to copy filtered resources, i.e. build is platform dependent!
2019-05-01 14:13:47,709 [Worker-79] INFO  o.e.m.c.i.embedder.EclipseLogger - Copying 0 resource
2019-05-01 14:15:18,761 [Worker-6] INFO  c.g.t.t.d.PublishedGradleVersions - Gradle version information cache is up-to-date. Trying to read.
2019-05-01 14:15:26,151 [Worker-9] WARN  o.e.m.c.i.embedder.EclipseLogger - Using platform encoding (Cp1252 actually) to copy filtered resources, i.e. build is platform dependent!
2019-05-01 14:15:26,154 [Worker-9] INFO  o.e.m.c.i.embedder.EclipseLogger - skip non existing resourceDirectory C:\Users\nxt41720\Documents\SE3910\Group_Project\src\main\resources
2019-05-01 14:15:26,156 [Worker-9] WARN  o.e.m.c.i.embedder.EclipseLogger - Using platform encoding (Cp1252 actually) to copy filtered resources, i.e. build is platform dependent!
2019-05-01 14:15:26,162 [Worker-9] INFO  o.e.m.c.i.embedder.EclipseLogger - Copying 1 resource
